<?xml version="1.0" encoding="UTF-8"?>
<!-- Generated by org.testng.reporters.JUnitReportReporter -->
<testsuite hostname="LAPTOP-IUJNIELA" failures="0" tests="1" name="SR.Exam1" time="0.015" errors="0" timestamp="2023-06-13T12:20:39 IST" skipped="0">
  <testcase classname="SR.Exam1" name="test2" time="0.015"/>
  <system-out/>
</testsuite> <!-- SR.Exam1 -->
